<?xml version="1.0" encoding="UTF-8"?>
<testsuite name="PrimeCalculatorTest" tests="5" skipped="0" failures="0" errors="0" timestamp="2024-04-18T05:35:25" hostname="DESKTOP-863VDA8" time="1.09">
  <properties/>
  <testcase name="testUndefinedPrime()" classname="PrimeCalculatorTest" time="0.112"/>
  <testcase name="testSixthPrime()" classname="PrimeCalculatorTest" time="0.007"/>
  <testcase name="testFirstPrime()" classname="PrimeCalculatorTest" time="0.007"/>
  <testcase name="testSecondPrime()" classname="PrimeCalculatorTest" time="0.007"/>
  <testcase name="testBigPrime()" classname="PrimeCalculatorTest" time="0.939"/>
  <system-out><![CDATA[]]></system-out>
  <system-err><![CDATA[]]></system-err>
</testsuite>
