<?xml version="1.0" encoding="UTF-8"?>
<testsuite name="TwoferTest" tests="3" skipped="0" failures="0" errors="0" timestamp="2024-04-22T08:40:19" hostname="DESKTOP-863VDA8" time="0.509">
  <properties/>
  <testcase name="noNameGiven()" classname="TwoferTest" time="0.488"/>
  <testcase name="aNameGiven()" classname="TwoferTest" time="0.003"/>
  <testcase name="anotherNameGiven()" classname="TwoferTest" time="0.008"/>
  <system-out><![CDATA[]]></system-out>
  <system-err><![CDATA[]]></system-err>
</testsuite>
