<?xml version="1.0" encoding="UTF-8"?>
<testsuite name="TwoferTest" tests="3" skipped="0" failures="0" errors="0" timestamp="2024-04-12T13:35:36" hostname="DESKTOP-863VDA8" time="0.174">
  <properties/>
  <testcase name="noNameGiven()" classname="TwoferTest" time="0.152"/>
  <testcase name="aNameGiven()" classname="TwoferTest" time="0.002"/>
  <testcase name="anotherNameGiven()" classname="TwoferTest" time="0.009"/>
  <system-out><![CDATA[]]></system-out>
  <system-err><![CDATA[]]></system-err>
</testsuite>
