<?xml version="1.0" encoding="UTF-8"?>
<testsuite name="RnaTranscriptionTest" tests="6" skipped="0" failures="0" errors="0" timestamp="2024-04-19T14:56:13" hostname="DESKTOP-863VDA8" time="0.264">
  <properties/>
  <testcase name="testRnaTranscriptionOfThymineIsAdenine()" classname="RnaTranscriptionTest" time="0.218"/>
  <testcase name="testRnaTranscription()" classname="RnaTranscriptionTest" time="0.013"/>
  <testcase name="testRnaTranscriptionOfCytosineIsGuanine()" classname="RnaTranscriptionTest" time="0.002"/>
  <testcase name="testEmptyRnaSequence()" classname="RnaTranscriptionTest" time="0.002"/>
  <testcase name="testRnaTranscriptionOfGuanineIsCytosine()" classname="RnaTranscriptionTest" time="0.003"/>
  <testcase name="testRnaTranscriptionOfAdenineIsUracil()" classname="RnaTranscriptionTest" time="0.002"/>
  <system-out><![CDATA[]]></system-out>
  <system-err><![CDATA[]]></system-err>
</testsuite>
