<?xml version="1.0" encoding="UTF-8"?>
<testsuite name="ResistorColorTest" tests="4" skipped="0" failures="0" errors="0" timestamp="2024-05-05T11:01:02" hostname="DESKTOP-863VDA8" time="0.301">
  <properties/>
  <testcase name="testWhiteColorCode()" classname="ResistorColorTest" time="0.16"/>
  <testcase name="testColors()" classname="ResistorColorTest" time="0.117"/>
  <testcase name="testBlackColorCode()" classname="ResistorColorTest" time="0.002"/>
  <testcase name="testOrangeColorCode()" classname="ResistorColorTest" time="0.005"/>
  <system-out><![CDATA[]]></system-out>
  <system-err><![CDATA[]]></system-err>
</testsuite>
