<?xml version="1.0" encoding="UTF-8"?>
<testsuite name="SimpleLinkedListTest" tests="7" skipped="0" failures="0" errors="0" timestamp="2024-04-18T06:01:37" hostname="DESKTOP-863VDA8" time="0.224">
  <properties/>
  <testcase name="canReturnListAsArray()" classname="SimpleLinkedListTest" time="0.157"/>
  <testcase name="reverseReversesList()" classname="SimpleLinkedListTest" time="0.01"/>
  <testcase name="canCreateFromArray()" classname="SimpleLinkedListTest" time="0.009"/>
  <testcase name="canReturnEmptyListAsEmptyArray()" classname="SimpleLinkedListTest" time="0.008"/>
  <testcase name="popOnEmptyListWillThrow()" classname="SimpleLinkedListTest" time="0.013"/>
  <testcase name="popReturnsLastAddedElement()" classname="SimpleLinkedListTest" time="0.002"/>
  <testcase name="aNewListIsEmpty()" classname="SimpleLinkedListTest" time="0.002"/>
  <system-out><![CDATA[]]></system-out>
  <system-err><![CDATA[]]></system-err>
</testsuite>
